<?xml version="1.0" encoding="UTF-8"?>
<!-- Generated by org.testng.reporters.JUnitReportReporter -->
<testsuite hostname="INBOOK_X2_PLUS" failures="0" tests="5" name="com.example.pages.ChatGPTTest" time="3.957" errors="0" timestamp="2025-05-18T18:02:22 IST" skipped="0">
  <testcase classname="com.example.pages.ChatGPTTest" name="testDismissPopup" time="0.780"/>
  <testcase classname="com.example.pages.ChatGPTTest" name="testClickNewChatButton" time="0.226"/>
  <testcase classname="com.example.pages.ChatGPTTest" name="testEnterTextAndSend" time="0.316"/>
  <testcase classname="com.example.pages.ChatGPTTest" name="testClickSignUpButton" time="0.110"/>
  <testcase classname="com.example.pages.ChatGPTTest" name="testClickLoginButton" time="2.525"/>
</testsuite> <!-- com.example.pages.ChatGPTTest -->
